<?xml version="1.0" encoding="UTF-8"?>
<!-- Generated by org.testng.reporters.JUnitReportReporter -->
<testsuite hostname="DESKTOP-AH2FEE7" failures="0" tests="2" name="test.ProductSearchTest" time="83.448" errors="0" timestamp="29 Sep 2021 15:16:12 GMT" skipped="0">
  <testcase classname="test.ProductSearchTest" name="SeachTest" time="32.865"/>
  <testcase classname="test.ProductSearchTest" name="SeachTest1" time="50.583"/>
</testsuite> <!-- test.ProductSearchTest -->
