<?xml version="1.0" encoding="UTF-8"?>
<!-- Generated by org.testng.reporters.JUnitReportReporter -->
<testsuite skipped="0" hostname="DESKTOP-AH2FEE7" name="test.LoginTest" tests="1" failures="0" timestamp="02 May 2021 15:25:39 GMT" time="9.701" errors="0">
  <testcase name="test1" time="9.701" classname="test.LoginTest"/>
</testsuite> <!-- test.LoginTest -->
